2024-06-20 22:45:35.5263 Debug Message Template Auto Format enabled
2024-06-20 22:45:35.5395 Info Loading assembly name: NLog.Extended
2024-06-20 22:45:35.5558 Trace Try find 'NLog.Extended' in current domain
2024-06-20 22:45:35.5558 Trace Haven't found' 'NLog.Extended' in current domain
2024-06-20 22:45:35.5558 Error Error has been raised. Exception: NLog.NLogConfigurationException: Error loading extensions: NLog.Extended
 ---> System.IO.FileNotFoundException: Could not load file or assembly 'NLog.Extended, Culture=neutral, PublicKeyToken=null'. The system cannot find the file specified.
File name: 'NLog.Extended, Culture=neutral, PublicKeyToken=null'
   at System.Reflection.RuntimeAssembly.InternalLoad(AssemblyName assemblyName, StackCrawlMark& stackMark, AssemblyLoadContext assemblyLoadContext, RuntimeAssembly requestingAssembly, Boolean throwOnFileNotFound)
   at System.Reflection.Assembly.Load(String assemblyString)
   at NLog.Config.AssemblyExtensionLoader.LoadAssemblyFromName(String assemblyName)
   at NLog.Config.AssemblyExtensionLoader.LoadAssemblyFromName(ConfigurationItemFactory factory, String assemblyName, String itemNamePrefix)
   at NLog.Config.LoggingConfigurationParser.ParseExtensionWithAssemblyName(String assemblyName, String prefix)
   --- End of inner exception stack trace ---
2024-06-20 22:45:35.6597 Error Exception when loading configuration C:\Users\asusVivo\RiderProjects\PhoneBookWebApp\GuessingNumberWebApp\bin\Debug\net8.0\nlog.config Exception: NLog.NLogConfigurationException: Error loading extensions: NLog.Extended
 ---> System.IO.FileNotFoundException: Could not load file or assembly 'NLog.Extended, Culture=neutral, PublicKeyToken=null'. The system cannot find the file specified.
File name: 'NLog.Extended, Culture=neutral, PublicKeyToken=null'
   at System.Reflection.RuntimeAssembly.InternalLoad(AssemblyName assemblyName, StackCrawlMark& stackMark, AssemblyLoadContext assemblyLoadContext, RuntimeAssembly requestingAssembly, Boolean throwOnFileNotFound)
   at System.Reflection.Assembly.Load(String assemblyString)
   at NLog.Config.AssemblyExtensionLoader.LoadAssemblyFromName(String assemblyName)
   at NLog.Config.AssemblyExtensionLoader.LoadAssemblyFromName(ConfigurationItemFactory factory, String assemblyName, String itemNamePrefix)
   at NLog.Config.LoggingConfigurationParser.ParseExtensionWithAssemblyName(String assemblyName, String prefix)
   --- End of inner exception stack trace ---
   at NLog.Config.LoggingConfigurationParser.ParseExtensionWithAssemblyName(String assemblyName, String prefix)
   at NLog.Config.LoggingConfigurationParser.ParseExtensionsElement(ValidatedConfigurationElement extensionsElement, String baseDirectory)
   at NLog.Config.LoggingConfigurationParser.LoadConfig(ILoggingConfigurationElement nlogConfig, String basePath)
   at NLog.Config.XmlLoggingConfiguration.ParseNLogElement(ILoggingConfigurationElement nlogElement, String filePath, Boolean autoReloadDefault)
   at NLog.Config.XmlLoggingConfiguration.ParseTopLevel(XmlLoggingConfigurationElement content, String filePath, Boolean autoReloadDefault)
   at NLog.Config.XmlLoggingConfiguration.Initialize(XmlReader reader, String fileName, Boolean ignoreErrors)
2024-06-20 22:45:35.6597 Error Error has been raised. Exception: NLog.NLogConfigurationException: Exception when loading configuration C:\Users\asusVivo\RiderProjects\PhoneBookWebApp\GuessingNumberWebApp\bin\Debug\net8.0\nlog.config
 ---> NLog.NLogConfigurationException: Error loading extensions: NLog.Extended
 ---> System.IO.FileNotFoundException: Could not load file or assembly 'NLog.Extended, Culture=neutral, PublicKeyToken=null'. The system cannot find the file specified.
File name: 'NLog.Extended, Culture=neutral, PublicKeyToken=null'
   at System.Reflection.RuntimeAssembly.InternalLoad(AssemblyName assemblyName, StackCrawlMark& stackMark, AssemblyLoadContext assemblyLoadContext, RuntimeAssembly requestingAssembly, Boolean throwOnFileNotFound)
   at System.Reflection.Assembly.Load(String assemblyString)
   at NLog.Config.AssemblyExtensionLoader.LoadAssemblyFromName(String assemblyName)
   at NLog.Config.AssemblyExtensionLoader.LoadAssemblyFromName(ConfigurationItemFactory factory, String assemblyName, String itemNamePrefix)
   at NLog.Config.LoggingConfigurationParser.ParseExtensionWithAssemblyName(String assemblyName, String prefix)
   --- End of inner exception stack trace ---
   at NLog.Config.LoggingConfigurationParser.ParseExtensionWithAssemblyName(String assemblyName, String prefix)
   at NLog.Config.LoggingConfigurationParser.ParseExtensionsElement(ValidatedConfigurationElement extensionsElement, String baseDirectory)
   at NLog.Config.LoggingConfigurationParser.LoadConfig(ILoggingConfigurationElement nlogConfig, String basePath)
   at NLog.Config.XmlLoggingConfiguration.ParseNLogElement(ILoggingConfigurationElement nlogElement, String filePath, Boolean autoReloadDefault)
   at NLog.Config.XmlLoggingConfiguration.ParseTopLevel(XmlLoggingConfigurationElement content, String filePath, Boolean autoReloadDefault)
   at NLog.Config.XmlLoggingConfiguration.Initialize(XmlReader reader, String fileName, Boolean ignoreErrors)
   --- End of inner exception stack trace ---
   at NLog.Config.XmlLoggingConfiguration.Initialize(XmlReader reader, String fileName, Boolean ignoreErrors)
   at NLog.Config.XmlLoggingConfiguration..ctor(XmlReader reader, String fileName, LogFactory logFactory)
   at NLog.Config.LoggingConfigurationFileLoader.LoadXmlLoggingConfiguration(XmlReader xmlReader, String configFile, LogFactory logFactory)
2024-06-20 22:45:35.6597 Error Failed loading from config file location: C:\Users\asusVivo\RiderProjects\PhoneBookWebApp\GuessingNumberWebApp\bin\Debug\net8.0\nlog.config Exception: NLog.NLogConfigurationException: Exception when loading configuration C:\Users\asusVivo\RiderProjects\PhoneBookWebApp\GuessingNumberWebApp\bin\Debug\net8.0\nlog.config
 ---> NLog.NLogConfigurationException: Error loading extensions: NLog.Extended
 ---> System.IO.FileNotFoundException: Could not load file or assembly 'NLog.Extended, Culture=neutral, PublicKeyToken=null'. The system cannot find the file specified.
File name: 'NLog.Extended, Culture=neutral, PublicKeyToken=null'
   at System.Reflection.RuntimeAssembly.InternalLoad(AssemblyName assemblyName, StackCrawlMark& stackMark, AssemblyLoadContext assemblyLoadContext, RuntimeAssembly requestingAssembly, Boolean throwOnFileNotFound)
   at System.Reflection.Assembly.Load(String assemblyString)
   at NLog.Config.AssemblyExtensionLoader.LoadAssemblyFromName(String assemblyName)
   at NLog.Config.AssemblyExtensionLoader.LoadAssemblyFromName(ConfigurationItemFactory factory, String assemblyName, String itemNamePrefix)
   at NLog.Config.LoggingConfigurationParser.ParseExtensionWithAssemblyName(String assemblyName, String prefix)
   --- End of inner exception stack trace ---
   at NLog.Config.LoggingConfigurationParser.ParseExtensionWithAssemblyName(String assemblyName, String prefix)
   at NLog.Config.LoggingConfigurationParser.ParseExtensionsElement(ValidatedConfigurationElement extensionsElement, String baseDirectory)
   at NLog.Config.LoggingConfigurationParser.LoadConfig(ILoggingConfigurationElement nlogConfig, String basePath)
   at NLog.Config.XmlLoggingConfiguration.ParseNLogElement(ILoggingConfigurationElement nlogElement, String filePath, Boolean autoReloadDefault)
   at NLog.Config.XmlLoggingConfiguration.ParseTopLevel(XmlLoggingConfigurationElement content, String filePath, Boolean autoReloadDefault)
   at NLog.Config.XmlLoggingConfiguration.Initialize(XmlReader reader, String fileName, Boolean ignoreErrors)
   --- End of inner exception stack trace ---
   at NLog.Config.XmlLoggingConfiguration.Initialize(XmlReader reader, String fileName, Boolean ignoreErrors)
   at NLog.Config.XmlLoggingConfiguration..ctor(XmlReader reader, String fileName, LogFactory logFactory)
   at NLog.Config.LoggingConfigurationFileLoader.LoadXmlLoggingConfiguration(XmlReader xmlReader, String configFile, LogFactory logFactory)
   at NLog.Config.LoggingConfigurationFileLoader.LoadXmlLoggingConfigurationFile(LogFactory logFactory, String configFile)
   at NLog.Config.LoggingConfigurationFileLoader.TryLoadLoggingConfiguration(LogFactory logFactory, String configFile, LoggingConfiguration& config)
